
The following files have been resolved:
   org.codehaus.plexus:plexus-interpolation:jar:1.19:compile
   org.eclipse.jgit:org.eclipse.jgit:jar:4.5.0.201609210915-r:compile
   org.apache.maven.shared:maven-dependency-analyzer:jar:1.2:compile
   org.apache.maven:maven-plugin-registry:jar:2.0.9:compile
   org.apache.maven.shared:maven-doxia-tools:jar:1.0.2:compile
   org.eclipse.jetty.websocket:websocket-api:jar:9.4.4.v20170414:compile
   aopalliance:aopalliance:jar:1.0:compile
   com.fasterxml.jackson.core:jackson-annotations:jar:2.3.0:compile
   org.apache.maven.reporting:maven-reporting-api:jar:3.0:compile
   javax.enterprise:cdi-api:jar:1.0:compile
   org.eclipse.jetty:jetty-webapp:jar:9.4.4.v20170414:compile
   asm:asm:jar:3.0:compile
   org.apache.maven.shared:maven-common-artifact-filters:jar:1.2:compile
   javax.annotation:jsr250-api:jar:1.0:compile
   commons-codec:commons-codec:jar:1.9:compile
   org.slf4j:slf4j-api:jar:1.7.13:compile
   org.apache.commons:commons-lang3:jar:3.5:compile
   org.apache.commons:commons-compress:jar:1.12:compile
   org.eclipse.sisu:org.eclipse.sisu.plexus:jar:0.0.0.M5:compile
   org.apache.maven:maven-aether-provider:jar:3.2.3:compile
   org.apache.maven.shared:maven-plugin-testing-harness:jar:1.1:compile
   org.apache.maven:maven-settings:jar:3.2.3:compile
   commons-logging:commons-logging:jar:1.2:compile
   org.apache.maven.reporting:maven-reporting-impl:jar:2.0.5:compile
   org.eclipse.jetty.websocket:websocket-client:jar:9.4.4.v20170414:compile
   org.eclipse.aether:aether-util:jar:0.9.0.M2:compile
   com.fasterxml.jackson.core:jackson-core:jar:2.3.0:compile
   org.codehaus.plexus:plexus-utils:jar:3.0.17:compile
   org.sonatype.plexus:plexus-cipher:jar:1.4:compile
   org.codehaus.plexus:plexus-classworlds:jar:2.5.1:compile
   org.codehaus.plexus:plexus-container-default:jar:1.0-alpha-9-stable-1:compile
   org.apache.maven.doxia:doxia-module-fml:jar:1.0:compile
   org.eclipse.jetty.websocket:websocket-server:jar:9.4.4.v20170414:compile
   org.apache.maven:maven-repository-metadata:jar:3.2.3:compile
   com.google.code.findbugs:jsr305:jar:1.3.9:compile
   org.apache.maven.doxia:doxia-module-xdoc:jar:1.0:compile
   classworlds:classworlds:jar:1.1:compile
   commons-lang:commons-lang:jar:2.6:compile
   org.eclipse.jetty:jetty-servlet:jar:9.4.4.v20170414:compile
   com.google.guava:guava:jar:10.0.1:compile
   org.eclipse.jetty.websocket:websocket-servlet:jar:9.4.4.v20170414:compile
   javax.inject:javax.inject:jar:1:compile
   org.eclipse.aether:aether-api:jar:0.9.0.M2:compile
   org.apache.maven:maven-artifact:jar:3.2.3:compile
   javax.servlet:javax.servlet-api:jar:3.1.0:compile
   org.apache.maven:maven-core:jar:3.2.3:compile
   org.apache.maven.shared:maven-shared-io:jar:1.1:compile
   org.apache.maven:maven-model-builder:jar:3.2.3:compile
   org.apache.maven:maven-artifact-manager:jar:2.0.9:compile
   org.apache.maven:maven-project:jar:2.0.9:compile
   org.apache.maven.doxia:doxia-decoration-model:jar:1.0:compile
   org.apache.maven.doxia:doxia-module-apt:jar:1.0:compile
   oro:oro:jar:2.0.8:compile
   org.eclipse.jetty:jetty-security:jar:9.4.4.v20170414:compile
   commons-digester:commons-digester:jar:1.6:compile
   org.apache.maven:maven-profile:jar:2.0.9:compile
   com.heroku.sdk:heroku-deploy:jar:1.2.0:compile
   org.codehaus.plexus:plexus-velocity:jar:1.1.7:compile
   org.sonatype.sisu:sisu-guice:jar:no_aop:3.1.0:compile
   org.apache.maven.shared:file-management:jar:1.2.1:compile
   com.fasterxml.jackson.core:jackson-databind:jar:2.3.0:compile
   com.jcraft:jsch:jar:0.1.53:compile
   org.apache.maven.doxia:doxia-core:jar:1.0:compile
   org.codehaus.plexus:plexus-io:jar:2.0.1:compile
   xml-apis:xml-apis:jar:1.0.b2:compile
   org.twdata.maven:mojo-executor:jar:1.5.2:compile
   org.codehaus.plexus:plexus-component-annotations:jar:1.5.5:compile
   org.eclipse.jetty:jetty-io:jar:9.4.4.v20170414:compile
   org.apache.httpcomponents:httpclient:jar:4.5.2:compile
   org.postgresql:postgresql:jar:42.1.1:compile
   org.apache.maven.shared:maven-invoker:jar:2.0.11:compile
   org.apache.velocity:velocity:jar:1.5:compile
   org.codehaus.plexus:plexus-archiver:jar:2.0:compile
   org.apache.maven.plugins:maven-dependency-plugin:jar:2.4:compile
   org.eclipse.jetty:jetty-http:jar:9.4.4.v20170414:compile
   org.eclipse.jetty:jetty-xml:jar:9.4.4.v20170414:compile
   org.apache.maven:maven-plugin-api:jar:3.2.3:compile
   org.eclipse.jetty:jetty-server:jar:9.4.4.v20170414:compile
   com.google.code.gson:gson:jar:2.8.1:compile
   com.googlecode.javaewah:JavaEWAH:jar:0.7.9:compile
   commons-io:commons-io:jar:2.5:compile
   org.eclipse.jetty.websocket:websocket-common:jar:9.4.4.v20170414:compile
   org.eclipse.jetty:jetty-util:jar:9.4.4.v20170414:compile
   org.eclipse.jetty:jetty-client:jar:9.4.4.v20170414:compile
   org.eclipse.aether:aether-impl:jar:0.9.0.M2:compile
   commons-beanutils:commons-beanutils:jar:1.7.0:compile
   org.eclipse.aether:aether-spi:jar:0.9.0.M2:compile
   commons-collections:commons-collections:jar:3.2.1:compile
   org.apache.maven.doxia:doxia-site-renderer:jar:1.0:compile
   com.sparkjava:spark-core:jar:2.6.0:compile
   com.heroku.sdk:heroku-maven-plugin:jar:1.2.0:compile
   org.apache.maven:maven-settings-builder:jar:3.2.3:compile
   org.codehaus.plexus:plexus-i18n:jar:1.0-beta-7:compile
   org.eclipse.sisu:org.eclipse.sisu.inject:jar:0.0.0.M5:compile
   org.sonatype.plexus:plexus-sec-dispatcher:jar:1.3:compile
   org.apache.maven:maven-model:jar:3.2.3:compile
   commons-validator:commons-validator:jar:1.2.0:compile
   org.apache.maven.wagon:wagon-provider-api:jar:1.0-beta-2:compile
   org.apache.maven.shared:maven-dependency-tree:jar:1.2:compile
   org.apache.maven.doxia:doxia-sink-api:jar:1.0:compile
   org.apache.httpcomponents:httpcore:jar:4.4.4:compile
   org.apache.maven.doxia:doxia-module-xhtml:jar:1.0:compile

